[    14.420] _XSERVTransSocketUNIXCreateListener: ...SocketCreateListener() failed
[    14.420] _XSERVTransMakeAllCOTSServerListeners: server already running
[    14.420] _XSERVTransmkdir: Owner of /tmp/.X11-unix should be set to root
[    14.420] (--) Log file renamed from "/home/manjaro/.local/share/xorg/Xorg.pid-1216.log" to "/home/manjaro/.local/share/xorg/Xorg.1.log"
[    14.421] 
X.Org X Server 1.21.1.8
X Protocol Version 11, Revision 0
[    14.421] Current Operating System: Linux manjaro-82b1 6.1.38-1-MANJARO #1 SMP PREEMPT_DYNAMIC Wed Jul  5 23:49:30 UTC 2023 x86_64
[    14.421] Kernel command line: BOOT_IMAGE=/boot/vmlinuz-6.1-x86_64 root=UUID=179a33d5-1565-4b6a-b6b1-c1fa6d1e242e rw quiet splash apparmor=1 security=apparmor udev.log_priority=3
[    14.421]  
[    14.421] Current version of pixman: 0.42.2
[    14.421] 	Before reporting problems, check http://wiki.x.org
	to make sure that you have the latest version.
[    14.421] Markers: (--) probed, (**) from config file, (==) default setting,
	(++) from command line, (!!) notice, (II) informational,
	(WW) warning, (EE) error, (NI) not implemented, (??) unknown.
[    14.421] (==) Log file: "/home/manjaro/.local/share/xorg/Xorg.1.log", Time: Sat Jul 15 16:23:18 2023
[    14.421] (==) Using config directory: "/etc/X11/xorg.conf.d"
[    14.421] (==) Using system config directory "/usr/share/X11/xorg.conf.d"
[    14.421] (==) No Layout section.  Using the first Screen section.
[    14.421] (==) No screen section available. Using defaults.
[    14.421] (**) |-->Screen "Default Screen Section" (0)
[    14.421] (**) |   |-->Monitor "<default monitor>"
[    14.421] (==) No monitor specified for screen "Default Screen Section".
	Using a default monitor configuration.
[    14.421] (==) Automatically adding devices
[    14.421] (==) Automatically enabling devices
[    14.421] (==) Automatically adding GPU devices
[    14.421] (==) Automatically binding GPU devices
[    14.421] (==) Max clients allowed: 256, resource mask: 0x1fffff
[    14.421] (WW) The directory "/usr/share/fonts/misc" does not exist.
[    14.421] 	Entry deleted from font path.
[    14.421] (WW) `fonts.dir' not found (or not valid) in "/usr/share/fonts/TTF".
[    14.421] 	Entry deleted from font path.
[    14.421] 	(Run 'mkfontdir' on "/usr/share/fonts/TTF").
[    14.421] (WW) The directory "/usr/share/fonts/OTF" does not exist.
[    14.421] 	Entry deleted from font path.
[    14.421] (WW) The directory "/usr/share/fonts/Type1" does not exist.
[    14.421] 	Entry deleted from font path.
[    14.421] (WW) The directory "/usr/share/fonts/100dpi" does not exist.
[    14.421] 	Entry deleted from font path.
[    14.421] (WW) The directory "/usr/share/fonts/75dpi" does not exist.
[    14.421] 	Entry deleted from font path.
[    14.421] (==) FontPath set to:
	
[    14.421] (==) ModulePath set to "/usr/lib/xorg/modules"
[    14.421] (II) The server relies on udev to provide the list of input devices.
	If no devices become available, reconfigure udev or disable AutoAddDevices.
[    14.421] (II) Module ABI versions:
[    14.421] 	X.Org ANSI C Emulation: 0.4
[    14.421] 	X.Org Video Driver: 25.2
[    14.421] 	X.Org XInput driver : 24.4
[    14.421] 	X.Org Server Extension : 10.0
[    14.422] (++) using VT number 2

[    14.423] (II) systemd-logind: took control of session /org/freedesktop/login1/session/_34
[    14.424] (II) xfree86: Adding drm device (/dev/dri/card0)
[    14.424] (II) Platform probe for /sys/devices/pci0000:00/0000:00:01.1/0000:01:00.0/drm/card0
[    14.424] (II) systemd-logind: got fd for /dev/dri/card0 226:0 fd 15 paused 0
[    14.427] (--) PCI:*(1@0:0:0) 10de:2191:17aa:3a46 rev 161, Mem @ 0xd0000000/16777216, 0x1ff80000000/268435456, 0x1ff90000000/33554432, I/O @ 0x00002000/128, BIOS @ 0x????????/524288
[    14.427] (WW) Open ACPI failed (/var/run/acpid.socket) (No such file or directory)
[    14.427] (II) LoadModule: "glx"
[    14.427] (II) Loading /usr/lib/xorg/modules/extensions/libglx.so
[    14.428] (II) Module glx: vendor="X.Org Foundation"
[    14.428] 	compiled for 1.21.1.8, module version = 1.0.0
[    14.428] 	ABI class: X.Org Server Extension, version 10.0
[    14.428] (==) Matched modesetting as autoconfigured driver 0
[    14.428] (==) Matched fbdev as autoconfigured driver 1
[    14.428] (==) Matched vesa as autoconfigured driver 2
[    14.428] (==) Assigned the driver to the xf86ConfigLayout
[    14.428] (II) LoadModule: "modesetting"
[    14.428] (II) Loading /usr/lib/xorg/modules/drivers/modesetting_drv.so
[    14.428] (II) Module modesetting: vendor="X.Org Foundation"
[    14.429] 	compiled for 1.21.1.8, module version = 1.21.1
[    14.429] 	Module class: X.Org Video Driver
[    14.429] 	ABI class: X.Org Video Driver, version 25.2
[    14.429] (II) LoadModule: "fbdev"
[    14.429] (WW) Warning, couldn't open module fbdev
[    14.429] (EE) Failed to load module "fbdev" (module does not exist, 0)
[    14.429] (II) LoadModule: "vesa"
[    14.429] (WW) Warning, couldn't open module vesa
[    14.429] (EE) Failed to load module "vesa" (module does not exist, 0)
[    14.429] (II) modesetting: Driver for Modesetting Kernel Drivers: kms
[    14.429] (II) modeset(0): using drv /dev/dri/card0
[    14.429] (WW) VGA arbiter: cannot open kernel arbiter, no multi-card support
[    14.429] (II) modeset(0): Creating default Display subsection in Screen section
	"Default Screen Section" for depth/fbbpp 24/32
[    14.429] (==) modeset(0): Depth 24, (==) framebuffer bpp 32
[    14.429] (==) modeset(0): RGB weight 888
[    14.429] (==) modeset(0): Default visual is TrueColor
[    14.429] (II) Loading sub module "glamoregl"
[    14.429] (II) LoadModule: "glamoregl"
[    14.429] (II) Loading /usr/lib/xorg/modules/libglamoregl.so
[    14.431] (II) Module glamoregl: vendor="X.Org Foundation"
[    14.431] 	compiled for 1.21.1.8, module version = 1.0.1
[    14.431] 	ABI class: X.Org ANSI C Emulation, version 0.4
[    14.454] (II) modeset(0): glamor X acceleration enabled on NV168
[    14.454] (II) modeset(0): glamor initialized
[    14.454] (==) modeset(0): VariableRefresh: disabled
[    14.454] (==) modeset(0): AsyncFlipSecondaries: disabled
[    14.458] (II) modeset(0): Output eDP-1 has no monitor section
[    14.510] (II) modeset(0): Output DP-1 has no monitor section
[    14.511] (II) modeset(0): Output HDMI-1 has no monitor section
[    14.515] (II) modeset(0): EDID for output eDP-1
[    14.515] (II) modeset(0): Manufacturer: AUO  Model: b78d  Serial#: 0
[    14.515] (II) modeset(0): Year: 2019  Week: 38
[    14.515] (II) modeset(0): EDID Version: 1.4
[    14.515] (II) modeset(0): Digital Display Input
[    14.515] (II) modeset(0): 8 bits per channel
[    14.515] (II) modeset(0): Digital interface is DisplayPort
[    14.515] (II) modeset(0): Max Image Size [cm]: horiz.: 34  vert.: 19
[    14.515] (II) modeset(0): Gamma: 2.20
[    14.515] (II) modeset(0): No DPMS capabilities specified
[    14.515] (II) modeset(0): Supported color encodings: RGB 4:4:4 
[    14.515] (II) modeset(0): First detailed timing is preferred mode
[    14.515] (II) modeset(0): Preferred mode is native pixel format and refresh rate
[    14.516] (II) modeset(0): Display is continuous-frequency
[    14.516] (II) modeset(0): redX: 0.566 redY: 0.339   greenX: 0.351 greenY: 0.568
[    14.516] (II) modeset(0): blueX: 0.158 blueY: 0.121   whiteX: 0.313 whiteY: 0.329
[    14.516] (II) modeset(0): Manufacturer's mask: 0
[    14.516] (II) modeset(0): Supported detailed timing:
[    14.516] (II) modeset(0): clock: 342.3 MHz   Image Size:  344 x 193 mm
[    14.516] (II) modeset(0): h_active: 1920  h_sync: 2028  h_sync_end 2076 h_blank_end 2080 h_border: 0
[    14.516] (II) modeset(0): v_active: 1080  v_sync: 1083  v_sync_end 1088 v_blanking: 1142 v_border: 0
[    14.516] (II) modeset(0):  AUO
[    14.516] (II) modeset(0):  B156HAN09.2
[    14.516] (II) modeset(0): EDID (in hex):
[    14.516] (II) modeset(0): 	00ffffffffffff0006af8db700000000
[    14.516] (II) modeset(0): 	261d0104a5221378033e859156599128
[    14.516] (II) modeset(0): 	1f505400000001010101010101010101
[    14.516] (II) modeset(0): 	010101010101b68580a070383e406c30
[    14.516] (II) modeset(0): 	350058c1100000180000000000000000
[    14.516] (II) modeset(0): 	00000000000000000000000000fe0041
[    14.516] (II) modeset(0): 	554f0a202020202020202020000000fe
[    14.516] (II) modeset(0): 	004231353648414e30392e32200a009b
[    14.516] (II) modeset(0): Printing probed modes for output eDP-1
[    14.516] (II) modeset(0): Modeline "1920x1080"x144.1  342.30  1920 2028 2076 2080  1080 1083 1088 1142 -hsync -vsync (164.6 kHz eP)
[    14.516] (II) modeset(0): Modeline "1920x1080"x120.0  356.38  1920 2080 2288 2656  1080 1081 1084 1118 doublescan -hsync +vsync (134.2 kHz d)
[    14.516] (II) modeset(0): Modeline "1920x1080"x119.9  266.50  1920 1944 1960 2000  1080 1081 1084 1111 doublescan +hsync -vsync (133.2 kHz d)
[    14.516] (II) modeset(0): Modeline "1920x1080"x60.0  173.00  1920 2048 2248 2576  1080 1083 1088 1120 -hsync +vsync (67.2 kHz d)
[    14.516] (II) modeset(0): Modeline "1920x1080"x59.9  138.50  1920 1968 2000 2080  1080 1083 1088 1111 +hsync -vsync (66.6 kHz d)
[    14.516] (II) modeset(0): Modeline "1680x1050"x144.0  384.72  1680 1824 2008 2336  1050 1053 1059 1144 -hsync +vsync (164.7 kHz)
[    14.516] (II) modeset(0): Modeline "1680x1050"x60.0  146.25  1680 1784 1960 2240  1050 1053 1059 1089 -hsync +vsync (65.3 kHz d)
[    14.516] (II) modeset(0): Modeline "1680x1050"x59.9  119.00  1680 1728 1760 1840  1050 1053 1059 1080 +hsync -vsync (64.7 kHz d)
[    14.516] (II) modeset(0): Modeline "1400x1050"x144.0  320.16  1400 1520 1672 1944  1050 1053 1057 1144 -hsync +vsync (164.7 kHz)
[    14.516] (II) modeset(0): Modeline "1400x1050"x74.8  155.80  1400 1464 1784 1912  1050 1052 1064 1090 +hsync +vsync (81.5 kHz d)
[    14.516] (II) modeset(0): Modeline "1400x1050"x60.0  122.00  1400 1488 1640 1880  1050 1052 1064 1082 +hsync +vsync (64.9 kHz d)
[    14.516] (II) modeset(0): Modeline "1600x900"x120.0  246.00  1600 1728 1900 2200  900 901 904 932 doublescan -hsync +vsync (111.8 kHz d)
[    14.516] (II) modeset(0): Modeline "1600x900"x119.9  186.50  1600 1624 1640 1680  900 901 904 926 doublescan +hsync -vsync (111.0 kHz d)
[    14.516] (II) modeset(0): Modeline "1600x900"x59.9  118.25  1600 1696 1856 2112  900 903 908 934 -hsync +vsync (56.0 kHz d)
[    14.516] (II) modeset(0): Modeline "1600x900"x59.8   97.50  1600 1648 1680 1760  900 903 908 926 +hsync -vsync (55.4 kHz d)
[    14.516] (II) modeset(0): Modeline "1280x1024"x143.9  285.25  1280 1392 1528 1776  1024 1027 1034 1116 -hsync +vsync (160.6 kHz)
[    14.516] (II) modeset(0): Modeline "1280x1024"x85.0  157.50  1280 1344 1504 1728  1024 1025 1028 1072 +hsync +vsync (91.1 kHz d)
[    14.516] (II) modeset(0): Modeline "1280x1024"x75.0  135.00  1280 1296 1440 1688  1024 1025 1028 1066 +hsync +vsync (80.0 kHz d)
[    14.516] (II) modeset(0): Modeline "1280x1024"x60.0  108.00  1280 1328 1440 1688  1024 1025 1028 1066 +hsync +vsync (64.0 kHz d)
[    14.516] (II) modeset(0): Modeline "1400x900"x60.0  103.50  1400 1480 1624 1848  900 903 913 934 -hsync +vsync (56.0 kHz d)
[    14.516] (II) modeset(0): Modeline "1400x900"x59.9   86.50  1400 1448 1480 1560  900 903 913 926 +hsync -vsync (55.4 kHz d)
[    14.516] (II) modeset(0): Modeline "1280x960"x144.0  267.47  1280 1392 1528 1776  960 963 967 1046 -hsync +vsync (150.6 kHz)
[    14.516] (II) modeset(0): Modeline "1280x960"x85.0  148.50  1280 1344 1504 1728  960 961 964 1011 +hsync +vsync (85.9 kHz d)
[    14.516] (II) modeset(0): Modeline "1280x960"x60.0  108.00  1280 1376 1488 1800  960 961 964 1000 +hsync +vsync (60.0 kHz d)
[    14.516] (II) modeset(0): Modeline "1440x810"x120.0  198.12  1440 1548 1704 1968  810 811 814 839 doublescan -hsync +vsync (100.7 kHz d)
[    14.516] (II) modeset(0): Modeline "1440x810"x119.9  151.88  1440 1464 1480 1520  810 811 814 833 doublescan +hsync -vsync (99.9 kHz d)
[    14.516] (II) modeset(0): Modeline "1368x768"x59.9   85.25  1368 1440 1576 1784  768 771 781 798 -hsync +vsync (47.8 kHz d)
[    14.516] (II) modeset(0): Modeline "1368x768"x59.9   72.25  1368 1416 1448 1528  768 771 781 790 +hsync -vsync (47.3 kHz d)
[    14.516] (II) modeset(0): Modeline "1280x800"x120.0  174.25  1280 1380 1516 1752  800 801 804 829 doublescan -hsync +vsync (99.5 kHz d)
[    14.516] (II) modeset(0): Modeline "1280x800"x119.9  134.25  1280 1304 1320 1360  800 801 804 823 doublescan +hsync -vsync (98.7 kHz d)
[    14.516] (II) modeset(0): Modeline "1280x800"x59.8   83.50  1280 1352 1480 1680  800 803 809 831 -hsync +vsync (49.7 kHz d)
[    14.516] (II) modeset(0): Modeline "1280x800"x59.9   71.00  1280 1328 1360 1440  800 803 809 823 +hsync -vsync (49.3 kHz d)
[    14.516] (II) modeset(0): Modeline "1152x864"x143.9  214.78  1152 1248 1368 1584  864 867 871 942 -hsync +vsync (135.6 kHz)
[    14.516] (II) modeset(0): Modeline "1152x864"x75.0  108.00  1152 1216 1344 1600  864 865 868 900 +hsync +vsync (67.5 kHz d)
[    14.516] (II) modeset(0): Modeline "1280x720"x120.0  156.12  1280 1376 1512 1744  720 721 724 746 doublescan -hsync +vsync (89.5 kHz d)
[    14.516] (II) modeset(0): Modeline "1280x720"x120.0  120.75  1280 1304 1320 1360  720 721 724 740 doublescan +hsync -vsync (88.8 kHz d)
[    14.516] (II) modeset(0): Modeline "1280x720"x59.9   74.50  1280 1344 1472 1664  720 723 728 748 -hsync +vsync (44.8 kHz d)
[    14.516] (II) modeset(0): Modeline "1280x720"x59.7   63.75  1280 1328 1360 1440  720 723 728 741 +hsync -vsync (44.3 kHz d)
[    14.516] (II) modeset(0): Modeline "1024x768"x170.0  194.02  1024 1108 1220 1416  768 768 770 806 doublescan -hsync +vsync (137.0 kHz d)
[    14.516] (II) modeset(0): Modeline "1024x768"x150.1  170.24  1024 1108 1220 1416  768 768 770 801 doublescan -hsync +vsync (120.2 kHz d)
[    14.516] (II) modeset(0): Modeline "1024x768"x143.9  169.78  1024 1112 1216 1408  768 771 775 838 -hsync +vsync (120.6 kHz)
[    14.516] (II) modeset(0): Modeline "1024x768"x120.1  133.47  1024 1100 1212 1400  768 768 770 794 doublescan -hsync +vsync (95.3 kHz d)
[    14.516] (II) modeset(0): Modeline "1024x768"x85.0   94.50  1024 1072 1168 1376  768 769 772 808 +hsync +vsync (68.7 kHz d)
[    14.516] (II) modeset(0): Modeline "1024x768"x75.0   78.75  1024 1040 1136 1312  768 769 772 800 +hsync +vsync (60.0 kHz d)
[    14.516] (II) modeset(0): Modeline "1024x768"x70.1   75.00  1024 1048 1184 1328  768 771 777 806 -hsync -vsync (56.5 kHz d)
[    14.516] (II) modeset(0): Modeline "1024x768"x60.0   65.00  1024 1048 1184 1344  768 771 777 806 -hsync -vsync (48.4 kHz d)
[    14.516] (II) modeset(0): Modeline "1024x768i"x43.5   44.90  1024 1032 1208 1264  768 768 776 817 interlace +hsync +vsync (35.5 kHz d)
[    14.516] (II) modeset(0): Modeline "960x720"x170.0  170.68  960 1036 1144 1328  720 720 722 756 doublescan -hsync +vsync (128.5 kHz d)
[    14.516] (II) modeset(0): Modeline "960x720"x150.0  148.50  960 1032 1144 1320  720 720 722 750 doublescan -hsync +vsync (112.5 kHz d)
[    14.516] (II) modeset(0): Modeline "960x720"x120.0  117.00  960 1024 1128 1300  720 720 722 750 doublescan -hsync +vsync (90.0 kHz d)
[    14.516] (II) modeset(0): Modeline "928x696"x150.0  144.00  928 992 1104 1280  696 696 698 750 doublescan -hsync +vsync (112.5 kHz d)
[    14.516] (II) modeset(0): Modeline "928x696"x120.1  109.15  928 976 1088 1264  696 696 698 719 doublescan -hsync +vsync (86.4 kHz d)
[    14.516] (II) modeset(0): Modeline "896x672"x150.1  130.50  896 944 1052 1228  672 672 674 708 doublescan -hsync +vsync (106.3 kHz d)
[    14.516] (II) modeset(0): Modeline "896x672"x120.0  102.40  896 960 1060 1224  672 672 674 697 doublescan -hsync +vsync (83.7 kHz d)
[    14.516] (II) modeset(0): Modeline "1024x576"x119.9   98.50  1024 1092 1200 1376  576 577 580 597 doublescan -hsync +vsync (71.6 kHz d)
[    14.516] (II) modeset(0): Modeline "1024x576"x119.9   78.38  1024 1048 1064 1104  576 577 580 592 doublescan +hsync -vsync (71.0 kHz d)
[    14.516] (II) modeset(0): Modeline "1024x576"x59.9   46.50  1024 1064 1160 1296  576 579 584 599 -hsync +vsync (35.9 kHz d)
[    14.516] (II) modeset(0): Modeline "1024x576"x59.8   42.00  1024 1072 1104 1184  576 579 584 593 +hsync -vsync (35.5 kHz d)
[    14.516] (II) modeset(0): Modeline "960x600"x119.9   96.62  960 1028 1128 1296  600 601 604 622 doublescan -hsync +vsync (74.6 kHz d)
[    14.516] (II) modeset(0): Modeline "960x600"x120.0   77.00  960 984 1000 1040  600 601 604 617 doublescan +hsync -vsync (74.0 kHz d)
[    14.516] (II) modeset(0): Modeline "832x624"x74.6   57.28  832 864 928 1152  624 625 628 667 -hsync -vsync (49.7 kHz d)
[    14.516] (II) modeset(0): Modeline "960x540"x119.9   86.50  960 1024 1124 1288  540 541 544 560 doublescan -hsync +vsync (67.2 kHz d)
[    14.516] (II) modeset(0): Modeline "960x540"x120.0   69.25  960 984 1000 1040  540 541 544 555 doublescan +hsync -vsync (66.6 kHz d)
[    14.516] (II) modeset(0): Modeline "960x540"x59.6   40.75  960 992 1088 1216  540 543 548 562 -hsync +vsync (33.5 kHz d)
[    14.516] (II) modeset(0): Modeline "960x540"x59.8   37.25  960 1008 1040 1120  540 543 548 556 +hsync -vsync (33.3 kHz d)
[    14.516] (II) modeset(0): Modeline "800x600"x170.0  114.75  800 832 928 1080  600 600 602 625 doublescan +hsync +vsync (106.2 kHz d)
[    14.516] (II) modeset(0): Modeline "800x600"x144.0  102.60  800 864 944 1088  600 603 607 655 -hsync +vsync (94.3 kHz)
[    14.516] (II) modeset(0): Modeline "800x600"x150.0  101.25  800 832 928 1080  600 600 602 625 doublescan +hsync +vsync (93.8 kHz d)
[    14.516] (II) modeset(0): Modeline "800x600"x140.0   94.50  800 832 928 1080  600 600 602 625 doublescan +hsync +vsync (87.5 kHz d)
[    14.516] (II) modeset(0): Modeline "800x600"x130.0   87.75  800 832 928 1080  600 600 602 625 doublescan +hsync +vsync (81.2 kHz d)
[    14.516] (II) modeset(0): Modeline "800x600"x120.0   81.00  800 832 928 1080  600 600 602 625 doublescan +hsync +vsync (75.0 kHz d)
[    14.516] (II) modeset(0): Modeline "800x600"x85.1   56.30  800 832 896 1048  600 601 604 631 +hsync +vsync (53.7 kHz d)
[    14.516] (II) modeset(0): Modeline "800x600"x72.2   50.00  800 856 976 1040  600 637 643 666 +hsync +vsync (48.1 kHz d)
[    14.516] (II) modeset(0): Modeline "800x600"x75.0   49.50  800 816 896 1056  600 601 604 625 +hsync +vsync (46.9 kHz d)
[    14.516] (II) modeset(0): Modeline "800x600"x60.3   40.00  800 840 968 1056  600 601 605 628 +hsync +vsync (37.9 kHz d)
[    14.516] (II) modeset(0): Modeline "800x600"x56.2   36.00  800 824 896 1024  600 601 603 625 +hsync +vsync (35.2 kHz d)
[    14.516] (II) modeset(0): Modeline "840x525"x120.0   73.12  840 892 980 1120  525 526 529 544 doublescan -hsync +vsync (65.3 kHz d)
[    14.516] (II) modeset(0): Modeline "840x525"x119.8   59.50  840 864 880 920  525 526 529 540 doublescan +hsync -vsync (64.7 kHz d)
[    14.516] (II) modeset(0): Modeline "864x486"x59.9   32.50  864 888 968 1072  486 489 494 506 -hsync +vsync (30.3 kHz d)
[    14.516] (II) modeset(0): Modeline "864x486"x59.6   30.50  864 912 944 1024  486 489 494 500 +hsync -vsync (29.8 kHz d)
[    14.516] (II) modeset(0): Modeline "700x525"x149.5   77.90  700 732 892 956  525 526 532 545 doublescan +hsync +vsync (81.5 kHz d)
[    14.516] (II) modeset(0): Modeline "700x525"x120.0   61.00  700 744 820 940  525 526 532 541 doublescan +hsync +vsync (64.9 kHz d)
[    14.516] (II) modeset(0): Modeline "800x450"x119.9   59.12  800 848 928 1056  450 451 454 467 doublescan -hsync +vsync (56.0 kHz d)
[    14.516] (II) modeset(0): Modeline "800x450"x119.6   48.75  800 824 840 880  450 451 454 463 doublescan +hsync -vsync (55.4 kHz d)
[    14.516] (II) modeset(0): Modeline "640x512"x170.0   78.75  640 672 752 864  512 512 514 536 doublescan +hsync +vsync (91.1 kHz d)
[    14.516] (II) modeset(0): Modeline "640x512"x150.0   67.50  640 648 720 844  512 512 514 533 doublescan +hsync +vsync (80.0 kHz d)
[    14.516] (II) modeset(0): Modeline "640x512"x120.0   54.00  640 664 720 844  512 512 514 533 doublescan +hsync +vsync (64.0 kHz d)
[    14.516] (II) modeset(0): Modeline "700x450"x119.9   51.75  700 740 812 924  450 451 456 467 doublescan -hsync +vsync (56.0 kHz d)
[    14.516] (II) modeset(0): Modeline "700x450"x119.8   43.25  700 724 740 780  450 451 456 463 doublescan +hsync -vsync (55.4 kHz d)
[    14.516] (II) modeset(0): Modeline "640x480"x170.2   74.25  640 672 752 864  480 480 482 505 doublescan +hsync +vsync (85.9 kHz d)
[    14.516] (II) modeset(0): Modeline "640x480"x143.9   65.26  640 688 752 864  480 483 487 525 -hsync +vsync (75.5 kHz)
[    14.516] (II) modeset(0): Modeline "640x480"x120.0   54.00  640 688 744 900  480 480 482 500 doublescan +hsync +vsync (60.0 kHz d)
[    14.516] (II) modeset(0): Modeline "640x480"x85.0   36.00  640 696 752 832  480 481 484 509 -hsync -vsync (43.3 kHz d)
[    14.516] (II) modeset(0): Modeline "640x480"x72.8   31.50  640 664 704 832  480 489 492 520 -hsync -vsync (37.9 kHz d)
[    14.516] (II) modeset(0): Modeline "640x480"x75.0   31.50  640 656 720 840  480 481 484 500 -hsync -vsync (37.5 kHz d)
[    14.516] (II) modeset(0): Modeline "640x480"x59.9   25.18  640 656 752 800  480 490 492 525 -hsync -vsync (31.5 kHz d)
[    14.516] (II) modeset(0): Modeline "720x405"x59.5   22.50  720 744 808 896  405 408 413 422 -hsync +vsync (25.1 kHz d)
[    14.516] (II) modeset(0): Modeline "720x405"x59.0   21.75  720 768 800 880  405 408 413 419 +hsync -vsync (24.7 kHz d)
[    14.516] (II) modeset(0): Modeline "720x400"x143.9   60.50  720 768 840 960  400 403 413 438 -hsync +vsync (63.0 kHz)
[    14.516] (II) modeset(0): Modeline "720x400"x85.0   35.50  720 756 828 936  400 401 404 446 -hsync +vsync (37.9 kHz d)
[    14.516] (II) modeset(0): Modeline "684x384"x119.8   42.62  684 720 788 892  384 385 390 399 doublescan -hsync +vsync (47.8 kHz d)
[    14.516] (II) modeset(0): Modeline "684x384"x119.7   36.12  684 708 724 764  384 385 390 395 doublescan +hsync -vsync (47.3 kHz d)
[    14.516] (II) modeset(0): Modeline "640x400"x143.9   53.44  640 680 744 848  400 403 409 438 -hsync +vsync (63.0 kHz)
[    14.516] (II) modeset(0): Modeline "640x400"x119.8   41.75  640 676 740 840  400 401 404 415 doublescan -hsync +vsync (49.7 kHz d)
[    14.516] (II) modeset(0): Modeline "640x400"x120.0   35.50  640 664 680 720  400 401 404 411 doublescan +hsync -vsync (49.3 kHz d)
[    14.516] (II) modeset(0): Modeline "640x400"x85.1   31.50  640 672 736 832  400 401 404 445 -hsync +vsync (37.9 kHz d)
[    14.516] (II) modeset(0): Modeline "576x432"x150.0   54.00  576 608 672 800  432 432 434 450 doublescan +hsync +vsync (67.5 kHz d)
[    14.516] (II) modeset(0): Modeline "640x360"x119.7   37.25  640 672 736 832  360 361 364 374 doublescan -hsync +vsync (44.8 kHz d)
[    14.516] (II) modeset(0): Modeline "640x360"x119.7   31.88  640 664 680 720  360 361 364 370 doublescan +hsync -vsync (44.3 kHz d)
[    14.516] (II) modeset(0): Modeline "640x360"x59.8   18.00  640 664 720 800  360 363 368 376 -hsync +vsync (22.5 kHz d)
[    14.516] (II) modeset(0): Modeline "640x360"x59.3   17.75  640 688 720 800  360 363 368 374 +hsync -vsync (22.2 kHz d)
[    14.516] (II) modeset(0): Modeline "640x350"x143.8   46.81  640 680 744 848  350 353 363 384 -hsync +vsync (55.2 kHz)
[    14.516] (II) modeset(0): Modeline "640x350"x85.1   31.50  640 672 736 832  350 382 385 445 +hsync -vsync (37.9 kHz d)
[    14.516] (II) modeset(0): Modeline "512x384"x170.0   47.25  512 536 584 688  384 384 386 404 doublescan +hsync +vsync (68.7 kHz d)
[    14.516] (II) modeset(0): Modeline "512x384"x150.1   39.38  512 520 568 656  384 384 386 400 doublescan +hsync +vsync (60.0 kHz d)
[    14.516] (II) modeset(0): Modeline "512x384"x140.1   37.50  512 524 592 664  384 385 388 403 doublescan -hsync -vsync (56.5 kHz d)
[    14.516] (II) modeset(0): Modeline "512x384"x120.0   32.50  512 524 592 672  384 385 388 403 doublescan -hsync -vsync (48.4 kHz d)
[    14.516] (II) modeset(0): Modeline "512x384i"x87.1   22.45  512 516 604 632  384 384 388 408 interlace doublescan +hsync +vsync (35.5 kHz d)
[    14.516] (II) modeset(0): Modeline "512x288"x120.0   23.25  512 532 580 648  288 289 292 299 doublescan -hsync +vsync (35.9 kHz d)
[    14.516] (II) modeset(0): Modeline "512x288"x119.8   21.00  512 536 552 592  288 289 292 296 doublescan +hsync -vsync (35.5 kHz d)
[    14.516] (II) modeset(0): Modeline "416x312"x149.3   28.64  416 432 464 576  312 312 314 333 doublescan -hsync -vsync (49.7 kHz d)
[    14.516] (II) modeset(0): Modeline "480x270"x119.3   20.38  480 496 544 608  270 271 274 281 doublescan -hsync +vsync (33.5 kHz d)
[    14.516] (II) modeset(0): Modeline "480x270"x119.6   18.62  480 504 520 560  270 271 274 278 doublescan +hsync -vsync (33.3 kHz d)
[    14.516] (II) modeset(0): Modeline "400x300"x170.5   28.15  400 416 448 524  300 300 302 315 doublescan +hsync +vsync (53.7 kHz d)
[    14.516] (II) modeset(0): Modeline "400x300"x144.4   25.00  400 428 488 520  300 318 321 333 doublescan +hsync +vsync (48.1 kHz d)
[    14.516] (II) modeset(0): Modeline "400x300"x150.2   24.75  400 408 448 528  300 300 302 312 doublescan +hsync +vsync (46.9 kHz d)
[    14.516] (II) modeset(0): Modeline "400x300"x120.6   20.00  400 420 484 528  300 300 302 314 doublescan +hsync +vsync (37.9 kHz d)
[    14.517] (II) modeset(0): Modeline "400x300"x112.7   18.00  400 412 448 512  300 300 301 312 doublescan +hsync +vsync (35.2 kHz d)
[    14.517] (II) modeset(0): Modeline "432x243"x119.8   16.25  432 444 484 536  243 244 247 253 doublescan -hsync +vsync (30.3 kHz d)
[    14.517] (II) modeset(0): Modeline "432x243"x119.1   15.25  432 456 472 512  243 244 247 250 doublescan +hsync -vsync (29.8 kHz d)
[    14.517] (II) modeset(0): Modeline "320x240"x170.4   18.00  320 348 376 416  240 240 242 254 doublescan -hsync -vsync (43.3 kHz d)
[    14.517] (II) modeset(0): Modeline "320x240"x145.6   15.75  320 332 352 416  240 244 246 260 doublescan -hsync -vsync (37.9 kHz d)
[    14.517] (II) modeset(0): Modeline "320x240"x150.0   15.75  320 328 360 420  240 240 242 250 doublescan -hsync -vsync (37.5 kHz d)
[    14.517] (II) modeset(0): Modeline "320x240"x120.1   12.59  320 328 376 400  240 245 246 262 doublescan -hsync -vsync (31.5 kHz d)
[    14.517] (II) modeset(0): Modeline "360x202"x119.0   11.25  360 372 404 448  202 204 206 211 doublescan -hsync +vsync (25.1 kHz d)
[    14.517] (II) modeset(0): Modeline "360x202"x118.3   10.88  360 384 400 440  202 204 206 209 doublescan +hsync -vsync (24.7 kHz d)
[    14.517] (II) modeset(0): Modeline "360x200"x170.1   17.75  360 378 414 468  200 200 202 223 doublescan -hsync +vsync (37.9 kHz d)
[    14.517] (II) modeset(0): Modeline "320x200"x170.5   15.75  320 336 368 416  200 200 202 222 doublescan -hsync +vsync (37.9 kHz d)
[    14.517] (II) modeset(0): Modeline "320x180"x119.7    9.00  320 332 360 400  180 181 184 188 doublescan -hsync +vsync (22.5 kHz d)
[    14.517] (II) modeset(0): Modeline "320x180"x118.6    8.88  320 344 360 400  180 181 184 187 doublescan +hsync -vsync (22.2 kHz d)
[    14.517] (II) modeset(0): Modeline "320x175"x170.5   15.75  320 336 368 416  175 191 192 222 doublescan +hsync -vsync (37.9 kHz d)
[    14.570] (II) modeset(0): EDID for output DP-1
[    14.571] (II) modeset(0): EDID for output HDMI-1
[    14.571] (II) modeset(0): Output eDP-1 connected
[    14.571] (II) modeset(0): Output DP-1 disconnected
[    14.571] (II) modeset(0): Output HDMI-1 disconnected
[    14.571] (II) modeset(0): Using exact sizes for initial modes
[    14.571] (II) modeset(0): Output eDP-1 using initial mode 1920x1080 +0+0
[    14.571] (==) modeset(0): Using gamma correction (1.0, 1.0, 1.0)
[    14.571] (==) modeset(0): DPI set to (96, 96)
[    14.571] (II) Loading sub module "fb"
[    14.571] (II) LoadModule: "fb"
[    14.571] (II) Module "fb" already built-in
[    14.581] (==) modeset(0): Backing store enabled
[    14.581] (==) modeset(0): Silken mouse enabled
[    14.588] (II) modeset(0): Initializing kms color map for depth 24, 8 bpc.
[    14.588] (==) modeset(0): DPMS enabled
[    14.588] (II) modeset(0): [DRI2] Setup complete
[    14.588] (II) modeset(0): [DRI2]   DRI driver: nouveau
[    14.588] (II) modeset(0): [DRI2]   VDPAU driver: nouveau
[    14.588] (II) Initializing extension Generic Event Extension
[    14.588] (II) Initializing extension SHAPE
[    14.588] (II) Initializing extension MIT-SHM
[    14.588] (II) Initializing extension XInputExtension
[    14.588] (II) Initializing extension XTEST
[    14.588] (II) Initializing extension BIG-REQUESTS
[    14.588] (II) Initializing extension SYNC
[    14.588] (II) Initializing extension XKEYBOARD
[    14.589] (II) Initializing extension XC-MISC
[    14.589] (II) Initializing extension SECURITY
[    14.589] (II) Initializing extension XFIXES
[    14.589] (II) Initializing extension RENDER
[    14.589] (II) Initializing extension RANDR
[    14.589] (II) Initializing extension COMPOSITE
[    14.589] (II) Initializing extension DAMAGE
[    14.589] (II) Initializing extension MIT-SCREEN-SAVER
[    14.589] (II) Initializing extension DOUBLE-BUFFER
[    14.589] (II) Initializing extension RECORD
[    14.589] (II) Initializing extension DPMS
[    14.589] (II) Initializing extension Present
[    14.589] (II) Initializing extension DRI3
[    14.589] (II) Initializing extension X-Resource
[    14.589] (II) Initializing extension XVideo
[    14.589] (II) Initializing extension XVideo-MotionCompensation
[    14.589] (II) Initializing extension GLX
[    14.592] (II) AIGLX: Loaded and initialized nouveau
[    14.592] (II) GLX: Initialized DRI2 GL provider for screen 0
[    14.592] (II) Initializing extension XFree86-VidModeExtension
[    14.593] (II) Initializing extension XFree86-DGA
[    14.593] (II) Initializing extension XFree86-DRI
[    14.593] (II) Initializing extension DRI2
[    14.593] (II) modeset(0): Damage tracking initialized
[    14.593] (II) modeset(0): Setting screen physical size to 508 x 285
[    14.641] (II) config/udev: Adding input device Power Button (/dev/input/event2)
[    14.641] (**) Power Button: Applying InputClass "evdev keyboard catchall"
[    14.641] (**) Power Button: Applying InputClass "libinput keyboard catchall"
[    14.641] (**) Power Button: Applying InputClass "system-keyboard"
[    14.641] (II) LoadModule: "libinput"
[    14.641] (II) Loading /usr/lib/xorg/modules/input/libinput_drv.so
[    14.642] (II) Module libinput: vendor="X.Org Foundation"
[    14.642] 	compiled for 1.21.1.8, module version = 1.3.0
[    14.642] 	Module class: X.Org XInput Driver
[    14.642] 	ABI class: X.Org XInput driver, version 24.4
[    14.642] (II) Using input driver 'libinput' for 'Power Button'
[    14.643] (II) systemd-logind: got fd for /dev/input/event2 13:66 fd 27 paused 0
[    14.643] (**) Power Button: always reports core events
[    14.643] (**) Option "Device" "/dev/input/event2"
[    14.644] (II) event2  - Power Button: is tagged by udev as: Keyboard
[    14.644] (II) event2  - Power Button: device is a keyboard
[    14.644] (II) event2  - Power Button: device removed
[    14.644] (**) Option "config_info" "udev:/sys/devices/LNXSYSTM:00/LNXPWRBN:00/input/input2/event2"
[    14.644] (II) XINPUT: Adding extended input device "Power Button" (type: KEYBOARD, id 6)
[    14.644] (**) Option "xkb_layout" "us"
[    14.644] (II) event2  - Power Button: is tagged by udev as: Keyboard
[    14.644] (II) event2  - Power Button: device is a keyboard
[    14.645] (II) config/udev: Adding input device Video Bus (/dev/input/event9)
[    14.645] (**) Video Bus: Applying InputClass "evdev keyboard catchall"
[    14.645] (**) Video Bus: Applying InputClass "libinput keyboard catchall"
[    14.645] (**) Video Bus: Applying InputClass "system-keyboard"
[    14.645] (II) Using input driver 'libinput' for 'Video Bus'
[    14.646] (II) systemd-logind: got fd for /dev/input/event9 13:73 fd 30 paused 0
[    14.646] (**) Video Bus: always reports core events
[    14.646] (**) Option "Device" "/dev/input/event9"
[    14.646] (II) event9  - Video Bus: is tagged by udev as: Keyboard
[    14.646] (II) event9  - Video Bus: device is a keyboard
[    14.646] (II) event9  - Video Bus: device removed
[    14.646] (**) Option "config_info" "udev:/sys/devices/LNXSYSTM:00/LNXSYBUS:00/PNP0A08:00/device:00/LNXVIDEO:00/input/input10/event9"
[    14.646] (II) XINPUT: Adding extended input device "Video Bus" (type: KEYBOARD, id 7)
[    14.646] (**) Option "xkb_layout" "us"
[    14.647] (II) event9  - Video Bus: is tagged by udev as: Keyboard
[    14.647] (II) event9  - Video Bus: device is a keyboard
[    14.647] (II) config/udev: Adding input device Video Bus (/dev/input/event10)
[    14.647] (**) Video Bus: Applying InputClass "evdev keyboard catchall"
[    14.647] (**) Video Bus: Applying InputClass "libinput keyboard catchall"
[    14.647] (**) Video Bus: Applying InputClass "system-keyboard"
[    14.647] (II) Using input driver 'libinput' for 'Video Bus'
[    14.648] (II) systemd-logind: got fd for /dev/input/event10 13:74 fd 31 paused 0
[    14.648] (**) Video Bus: always reports core events
[    14.648] (**) Option "Device" "/dev/input/event10"
[    14.648] (II) event10 - Video Bus: is tagged by udev as: Keyboard
[    14.649] (II) event10 - Video Bus: device is a keyboard
[    14.649] (II) event10 - Video Bus: device removed
[    14.649] (**) Option "config_info" "udev:/sys/devices/LNXSYSTM:00/LNXSYBUS:00/PNP0A08:00/device:16/LNXVIDEO:01/input/input11/event10"
[    14.649] (II) XINPUT: Adding extended input device "Video Bus" (type: KEYBOARD, id 8)
[    14.649] (**) Option "xkb_layout" "us"
[    14.649] (II) event10 - Video Bus: is tagged by udev as: Keyboard
[    14.649] (II) event10 - Video Bus: device is a keyboard
[    14.650] (II) config/udev: Adding input device Power Button (/dev/input/event1)
[    14.650] (**) Power Button: Applying InputClass "evdev keyboard catchall"
[    14.650] (**) Power Button: Applying InputClass "libinput keyboard catchall"
[    14.650] (**) Power Button: Applying InputClass "system-keyboard"
[    14.650] (II) Using input driver 'libinput' for 'Power Button'
[    14.650] (II) systemd-logind: got fd for /dev/input/event1 13:65 fd 32 paused 0
[    14.650] (**) Power Button: always reports core events
[    14.650] (**) Option "Device" "/dev/input/event1"
[    14.651] (II) event1  - Power Button: is tagged by udev as: Keyboard
[    14.651] (II) event1  - Power Button: device is a keyboard
[    14.651] (II) event1  - Power Button: device removed
[    14.651] (**) Option "config_info" "udev:/sys/devices/LNXSYSTM:00/LNXSYBUS:00/PNP0C0C:00/input/input1/event1"
[    14.651] (II) XINPUT: Adding extended input device "Power Button" (type: KEYBOARD, id 9)
[    14.651] (**) Option "xkb_layout" "us"
[    14.651] (II) event1  - Power Button: is tagged by udev as: Keyboard
[    14.651] (II) event1  - Power Button: device is a keyboard
[    14.652] (II) config/udev: Adding input device Lid Switch (/dev/input/event0)
[    14.652] (II) No input driver specified, ignoring this device.
[    14.652] (II) This device may have been added with another device file.
[    14.652] (II) config/udev: Adding input device HDA NVidia HDMI/DP,pcm=3 (/dev/input/event16)
[    14.652] (II) No input driver specified, ignoring this device.
[    14.652] (II) This device may have been added with another device file.
[    14.652] (II) config/udev: Adding input device HDA NVidia HDMI/DP,pcm=7 (/dev/input/event17)
[    14.652] (II) No input driver specified, ignoring this device.
[    14.652] (II) This device may have been added with another device file.
[    14.653] (II) config/udev: Adding input device HDA NVidia HDMI/DP,pcm=8 (/dev/input/event18)
[    14.653] (II) No input driver specified, ignoring this device.
[    14.653] (II) This device may have been added with another device file.
[    14.653] (II) config/udev: Adding input device HDA NVidia HDMI/DP,pcm=9 (/dev/input/event19)
[    14.653] (II) No input driver specified, ignoring this device.
[    14.653] (II) This device may have been added with another device file.
[    14.653] (II) config/udev: Adding input device Integrated Camera: Integrated C (/dev/input/event11)
[    14.653] (**) Integrated Camera: Integrated C: Applying InputClass "evdev keyboard catchall"
[    14.653] (**) Integrated Camera: Integrated C: Applying InputClass "libinput keyboard catchall"
[    14.653] (**) Integrated Camera: Integrated C: Applying InputClass "system-keyboard"
[    14.653] (II) Using input driver 'libinput' for 'Integrated Camera: Integrated C'
[    14.654] (II) systemd-logind: got fd for /dev/input/event11 13:75 fd 33 paused 0
[    14.654] (**) Integrated Camera: Integrated C: always reports core events
[    14.654] (**) Option "Device" "/dev/input/event11"
[    14.654] (II) event11 - Integrated Camera: Integrated C: is tagged by udev as: Keyboard
[    14.654] (II) event11 - Integrated Camera: Integrated C: device is a keyboard
[    14.655] (II) event11 - Integrated Camera: Integrated C: device removed
[    14.655] (**) Option "config_info" "udev:/sys/devices/pci0000:00/0000:00:08.1/0000:06:00.3/usb3/3-3/3-3:1.0/input/input16/event11"
[    14.655] (II) XINPUT: Adding extended input device "Integrated Camera: Integrated C" (type: KEYBOARD, id 10)
[    14.655] (**) Option "xkb_layout" "us"
[    14.655] (II) event11 - Integrated Camera: Integrated C: is tagged by udev as: Keyboard
[    14.655] (II) event11 - Integrated Camera: Integrated C: device is a keyboard
[    14.656] (II) config/udev: Adding input device YICHIP Wireless Device Mouse (/dev/input/event4)
[    14.656] (**) YICHIP Wireless Device Mouse: Applying InputClass "evdev pointer catchall"
[    14.656] (**) YICHIP Wireless Device Mouse: Applying InputClass "libinput pointer catchall"
[    14.656] (II) Using input driver 'libinput' for 'YICHIP Wireless Device Mouse'
[    14.657] (II) systemd-logind: got fd for /dev/input/event4 13:68 fd 34 paused 0
[    14.657] (**) YICHIP Wireless Device Mouse: always reports core events
[    14.657] (**) Option "Device" "/dev/input/event4"
[    14.658] (II) event4  - YICHIP Wireless Device Mouse: is tagged by udev as: Mouse
[    14.658] (II) event4  - YICHIP Wireless Device Mouse: device is a pointer
[    14.658] (II) event4  - YICHIP Wireless Device Mouse: device removed
[    14.658] (II) libinput: YICHIP Wireless Device Mouse: Step value 0 was provided, libinput Fallback acceleration function is used.
[    14.658] (II) libinput: YICHIP Wireless Device Mouse: Step value 0 was provided, libinput Fallback acceleration function is used.
[    14.658] (II) libinput: YICHIP Wireless Device Mouse: Step value 0 was provided, libinput Fallback acceleration function is used.
[    14.658] (**) Option "config_info" "udev:/sys/devices/pci0000:00/0000:00:08.1/0000:06:00.4/usb5/5-1/5-1.2/5-1.2:1.1/0003:3151:1002.0002/input/input4/event4"
[    14.658] (II) XINPUT: Adding extended input device "YICHIP Wireless Device Mouse" (type: MOUSE, id 11)
[    14.658] (**) Option "AccelerationScheme" "none"
[    14.658] (**) YICHIP Wireless Device Mouse: (accel) selected scheme none/0
[    14.658] (**) YICHIP Wireless Device Mouse: (accel) acceleration factor: 2.000
[    14.658] (**) YICHIP Wireless Device Mouse: (accel) acceleration threshold: 4
[    14.659] (II) event4  - YICHIP Wireless Device Mouse: is tagged by udev as: Mouse
[    14.659] (II) event4  - YICHIP Wireless Device Mouse: device is a pointer
[    14.660] (II) config/udev: Adding input device YICHIP Wireless Device Mouse (/dev/input/mouse0)
[    14.660] (II) No input driver specified, ignoring this device.
[    14.660] (II) This device may have been added with another device file.
[    14.660] (II) config/udev: Adding input device YICHIP Wireless Device System Control (/dev/input/event5)
[    14.660] (**) YICHIP Wireless Device System Control: Applying InputClass "evdev keyboard catchall"
[    14.660] (**) YICHIP Wireless Device System Control: Applying InputClass "libinput keyboard catchall"
[    14.660] (**) YICHIP Wireless Device System Control: Applying InputClass "system-keyboard"
[    14.660] (II) Using input driver 'libinput' for 'YICHIP Wireless Device System Control'
[    14.661] (II) systemd-logind: got fd for /dev/input/event5 13:69 fd 35 paused 0
[    14.661] (**) YICHIP Wireless Device System Control: always reports core events
[    14.661] (**) Option "Device" "/dev/input/event5"
[    14.662] (II) event5  - YICHIP Wireless Device System Control: is tagged by udev as: Keyboard
[    14.662] (II) event5  - YICHIP Wireless Device System Control: device is a keyboard
[    14.662] (II) event5  - YICHIP Wireless Device System Control: device removed
[    14.662] (**) Option "config_info" "udev:/sys/devices/pci0000:00/0000:00:08.1/0000:06:00.4/usb5/5-1/5-1.2/5-1.2:1.1/0003:3151:1002.0002/input/input5/event5"
[    14.662] (II) XINPUT: Adding extended input device "YICHIP Wireless Device System Control" (type: KEYBOARD, id 12)
[    14.662] (**) Option "xkb_layout" "us"
[    14.663] (II) event5  - YICHIP Wireless Device System Control: is tagged by udev as: Keyboard
[    14.663] (II) event5  - YICHIP Wireless Device System Control: device is a keyboard
[    14.664] (II) config/udev: Adding input device YICHIP Wireless Device Consumer Control (/dev/input/event6)
[    14.664] (**) YICHIP Wireless Device Consumer Control: Applying InputClass "evdev keyboard catchall"
[    14.664] (**) YICHIP Wireless Device Consumer Control: Applying InputClass "libinput keyboard catchall"
[    14.664] (**) YICHIP Wireless Device Consumer Control: Applying InputClass "system-keyboard"
[    14.664] (II) Using input driver 'libinput' for 'YICHIP Wireless Device Consumer Control'
[    14.664] (II) systemd-logind: got fd for /dev/input/event6 13:70 fd 36 paused 0
[    14.664] (**) YICHIP Wireless Device Consumer Control: always reports core events
[    14.664] (**) Option "Device" "/dev/input/event6"
[    14.665] (II) event6  - YICHIP Wireless Device Consumer Control: is tagged by udev as: Keyboard
[    14.665] (II) event6  - YICHIP Wireless Device Consumer Control: device is a keyboard
[    14.665] (II) event6  - YICHIP Wireless Device Consumer Control: device removed
[    14.665] (II) libinput: YICHIP Wireless Device Consumer Control: needs a virtual subdevice
[    14.665] (**) Option "config_info" "udev:/sys/devices/pci0000:00/0000:00:08.1/0000:06:00.4/usb5/5-1/5-1.2/5-1.2:1.1/0003:3151:1002.0002/input/input6/event6"
[    14.665] (II) XINPUT: Adding extended input device "YICHIP Wireless Device Consumer Control" (type: MOUSE, id 13)
[    14.665] (**) Option "AccelerationScheme" "none"
[    14.665] (**) YICHIP Wireless Device Consumer Control: (accel) selected scheme none/0
[    14.665] (**) YICHIP Wireless Device Consumer Control: (accel) acceleration factor: 2.000
[    14.665] (**) YICHIP Wireless Device Consumer Control: (accel) acceleration threshold: 4
[    14.667] (II) event6  - YICHIP Wireless Device Consumer Control: is tagged by udev as: Keyboard
[    14.667] (II) event6  - YICHIP Wireless Device Consumer Control: device is a keyboard
[    14.668] (II) config/udev: Adding input device ITE Tech. Inc. ITE Device(8910) Keyboard (/dev/input/event7)
[    14.668] (**) ITE Tech. Inc. ITE Device(8910) Keyboard: Applying InputClass "evdev keyboard catchall"
[    14.668] (**) ITE Tech. Inc. ITE Device(8910) Keyboard: Applying InputClass "libinput keyboard catchall"
[    14.668] (**) ITE Tech. Inc. ITE Device(8910) Keyboard: Applying InputClass "system-keyboard"
[    14.668] (II) Using input driver 'libinput' for 'ITE Tech. Inc. ITE Device(8910) Keyboard'
[    14.669] (II) systemd-logind: got fd for /dev/input/event7 13:71 fd 37 paused 0
[    14.669] (**) ITE Tech. Inc. ITE Device(8910) Keyboard: always reports core events
[    14.669] (**) Option "Device" "/dev/input/event7"
[    14.670] (II) event7  - ITE Tech. Inc. ITE Device(8910) Keyboard: is tagged by udev as: Keyboard
[    14.670] (II) event7  - ITE Tech. Inc. ITE Device(8910) Keyboard: device is a keyboard
[    14.670] (II) event7  - ITE Tech. Inc. ITE Device(8910) Keyboard: device removed
[    14.670] (II) libinput: ITE Tech. Inc. ITE Device(8910) Keyboard: needs a virtual subdevice
[    14.670] (**) Option "config_info" "udev:/sys/devices/pci0000:00/0000:00:08.1/0000:06:00.4/usb5/5-4/5-4:1.0/0003:048D:C100.0003/input/input8/event7"
[    14.670] (II) XINPUT: Adding extended input device "ITE Tech. Inc. ITE Device(8910) Keyboard" (type: MOUSE, id 14)
[    14.670] (**) Option "AccelerationScheme" "none"
[    14.670] (**) ITE Tech. Inc. ITE Device(8910) Keyboard: (accel) selected scheme none/0
[    14.670] (**) ITE Tech. Inc. ITE Device(8910) Keyboard: (accel) acceleration factor: 2.000
[    14.670] (**) ITE Tech. Inc. ITE Device(8910) Keyboard: (accel) acceleration threshold: 4
[    14.671] (II) event7  - ITE Tech. Inc. ITE Device(8910) Keyboard: is tagged by udev as: Keyboard
[    14.671] (II) event7  - ITE Tech. Inc. ITE Device(8910) Keyboard: device is a keyboard
[    14.672] (II) config/udev: Adding input device ITE Tech. Inc. ITE Device(8910) Wireless Radio Control (/dev/input/event8)
[    14.672] (**) ITE Tech. Inc. ITE Device(8910) Wireless Radio Control: Applying InputClass "evdev keyboard catchall"
[    14.672] (**) ITE Tech. Inc. ITE Device(8910) Wireless Radio Control: Applying InputClass "libinput keyboard catchall"
[    14.672] (**) ITE Tech. Inc. ITE Device(8910) Wireless Radio Control: Applying InputClass "system-keyboard"
[    14.672] (II) Using input driver 'libinput' for 'ITE Tech. Inc. ITE Device(8910) Wireless Radio Control'
[    14.673] (II) systemd-logind: got fd for /dev/input/event8 13:72 fd 38 paused 0
[    14.673] (**) ITE Tech. Inc. ITE Device(8910) Wireless Radio Control: always reports core events
[    14.673] (**) Option "Device" "/dev/input/event8"
[    14.674] (II) event8  - ITE Tech. Inc. ITE Device(8910) Wireless Radio Control: is tagged by udev as: Keyboard
[    14.674] (II) event8  - ITE Tech. Inc. ITE Device(8910) Wireless Radio Control: device is a keyboard
[    14.674] (II) event8  - ITE Tech. Inc. ITE Device(8910) Wireless Radio Control: device removed
[    14.674] (**) Option "config_info" "udev:/sys/devices/pci0000:00/0000:00:08.1/0000:06:00.4/usb5/5-4/5-4:1.0/0003:048D:C100.0003/input/input9/event8"
[    14.674] (II) XINPUT: Adding extended input device "ITE Tech. Inc. ITE Device(8910) Wireless Radio Control" (type: KEYBOARD, id 15)
[    14.674] (**) Option "xkb_layout" "us"
[    14.675] (II) event8  - ITE Tech. Inc. ITE Device(8910) Wireless Radio Control: is tagged by udev as: Keyboard
[    14.675] (II) event8  - ITE Tech. Inc. ITE Device(8910) Wireless Radio Control: device is a keyboard
[    14.675] (II) config/udev: Adding input device HD-Audio Generic Mic (/dev/input/event20)
[    14.675] (II) No input driver specified, ignoring this device.
[    14.675] (II) This device may have been added with another device file.
[    14.676] (II) config/udev: Adding input device HD-Audio Generic Headphone (/dev/input/event21)
[    14.676] (II) No input driver specified, ignoring this device.
[    14.676] (II) This device may have been added with another device file.
[    14.676] (II) config/udev: Adding input device Ideapad extra buttons (/dev/input/event14)
[    14.676] (**) Ideapad extra buttons: Applying InputClass "evdev keyboard catchall"
[    14.676] (**) Ideapad extra buttons: Applying InputClass "libinput keyboard catchall"
[    14.676] (**) Ideapad extra buttons: Applying InputClass "system-keyboard"
[    14.676] (II) Using input driver 'libinput' for 'Ideapad extra buttons'
[    14.677] (II) systemd-logind: got fd for /dev/input/event14 13:78 fd 39 paused 0
[    14.677] (**) Ideapad extra buttons: always reports core events
[    14.677] (**) Option "Device" "/dev/input/event14"
[    14.677] (II) event14 - Ideapad extra buttons: is tagged by udev as: Keyboard
[    14.677] (II) event14 - Ideapad extra buttons: device is a keyboard
[    14.677] (II) event14 - Ideapad extra buttons: device removed
[    14.677] (**) Option "config_info" "udev:/sys/devices/pci0000:00/0000:00:14.3/PNP0C09:00/VPC2004:00/input/input15/event14"
[    14.677] (II) XINPUT: Adding extended input device "Ideapad extra buttons" (type: KEYBOARD, id 16)
[    14.677] (**) Option "xkb_layout" "us"
[    14.678] (II) event14 - Ideapad extra buttons: is tagged by udev as: Keyboard
[    14.678] (II) event14 - Ideapad extra buttons: device is a keyboard
[    14.679] (II) config/udev: Adding input device MSFT0001:00 04F3:3186 Mouse (/dev/input/event12)
[    14.679] (**) MSFT0001:00 04F3:3186 Mouse: Applying InputClass "evdev pointer catchall"
[    14.679] (**) MSFT0001:00 04F3:3186 Mouse: Applying InputClass "libinput pointer catchall"
[    14.679] (II) Using input driver 'libinput' for 'MSFT0001:00 04F3:3186 Mouse'
[    14.679] (II) systemd-logind: got fd for /dev/input/event12 13:76 fd 40 paused 0
[    14.679] (**) MSFT0001:00 04F3:3186 Mouse: always reports core events
[    14.679] (**) Option "Device" "/dev/input/event12"
[    14.680] (II) event12 - MSFT0001:00 04F3:3186 Mouse: is tagged by udev as: Mouse Pointingstick
[    14.680] (II) event12 - MSFT0001:00 04F3:3186 Mouse: device is a pointer
[    14.681] (II) event12 - MSFT0001:00 04F3:3186 Mouse: device removed
[    14.681] (II) libinput: MSFT0001:00 04F3:3186 Mouse: Step value 0 was provided, libinput Fallback acceleration function is used.
[    14.681] (II) libinput: MSFT0001:00 04F3:3186 Mouse: Step value 0 was provided, libinput Fallback acceleration function is used.
[    14.681] (II) libinput: MSFT0001:00 04F3:3186 Mouse: Step value 0 was provided, libinput Fallback acceleration function is used.
[    14.681] (**) Option "config_info" "udev:/sys/devices/platform/AMDI0010:03/i2c-0/i2c-MSFT0001:00/0018:04F3:3186.0004/input/input17/event12"
[    14.681] (II) XINPUT: Adding extended input device "MSFT0001:00 04F3:3186 Mouse" (type: MOUSE, id 17)
[    14.681] (**) Option "AccelerationScheme" "none"
[    14.681] (**) MSFT0001:00 04F3:3186 Mouse: (accel) selected scheme none/0
[    14.681] (**) MSFT0001:00 04F3:3186 Mouse: (accel) acceleration factor: 2.000
[    14.681] (**) MSFT0001:00 04F3:3186 Mouse: (accel) acceleration threshold: 4
[    14.682] (II) event12 - MSFT0001:00 04F3:3186 Mouse: is tagged by udev as: Mouse Pointingstick
[    14.682] (II) event12 - MSFT0001:00 04F3:3186 Mouse: device is a pointer
[    14.683] (II) config/udev: Adding input device MSFT0001:00 04F3:3186 Mouse (/dev/input/mouse1)
[    14.683] (II) No input driver specified, ignoring this device.
[    14.683] (II) This device may have been added with another device file.
[    14.683] (II) config/udev: Adding input device MSFT0001:00 04F3:3186 Touchpad (/dev/input/event15)
[    14.683] (**) MSFT0001:00 04F3:3186 Touchpad: Applying InputClass "evdev touchpad catchall"
[    14.683] (**) MSFT0001:00 04F3:3186 Touchpad: Applying InputClass "libinput touchpad catchall"
[    14.683] (II) Using input driver 'libinput' for 'MSFT0001:00 04F3:3186 Touchpad'
[    14.684] (II) systemd-logind: got fd for /dev/input/event15 13:79 fd 41 paused 0
[    14.684] (**) MSFT0001:00 04F3:3186 Touchpad: always reports core events
[    14.684] (**) Option "Device" "/dev/input/event15"
[    14.684] (II) event15 - MSFT0001:00 04F3:3186 Touchpad: is tagged by udev as: Touchpad
[    14.685] (II) event15 - MSFT0001:00 04F3:3186 Touchpad: device is a touchpad
[    14.685] (II) event15 - MSFT0001:00 04F3:3186 Touchpad: device removed
[    14.685] (II) libinput: MSFT0001:00 04F3:3186 Touchpad: Step value 0 was provided, libinput Fallback acceleration function is used.
[    14.685] (II) libinput: MSFT0001:00 04F3:3186 Touchpad: Step value 0 was provided, libinput Fallback acceleration function is used.
[    14.685] (II) libinput: MSFT0001:00 04F3:3186 Touchpad: Step value 0 was provided, libinput Fallback acceleration function is used.
[    14.686] (**) Option "config_info" "udev:/sys/devices/platform/AMDI0010:03/i2c-0/i2c-MSFT0001:00/0018:04F3:3186.0004/input/input18/event15"
[    14.686] (II) XINPUT: Adding extended input device "MSFT0001:00 04F3:3186 Touchpad" (type: TOUCHPAD, id 18)
[    14.687] (**) Option "AccelerationScheme" "none"
[    14.687] (**) MSFT0001:00 04F3:3186 Touchpad: (accel) selected scheme none/0
[    14.687] (**) MSFT0001:00 04F3:3186 Touchpad: (accel) acceleration factor: 2.000
[    14.687] (**) MSFT0001:00 04F3:3186 Touchpad: (accel) acceleration threshold: 4
[    14.687] (II) event15 - MSFT0001:00 04F3:3186 Touchpad: is tagged by udev as: Touchpad
[    14.688] (II) event15 - MSFT0001:00 04F3:3186 Touchpad: device is a touchpad
[    14.689] (II) config/udev: Adding input device MSFT0001:00 04F3:3186 Touchpad (/dev/input/mouse2)
[    14.689] (II) No input driver specified, ignoring this device.
[    14.689] (II) This device may have been added with another device file.
[    14.689] (II) config/udev: Adding input device AT Translated Set 2 keyboard (/dev/input/event3)
[    14.689] (**) AT Translated Set 2 keyboard: Applying InputClass "evdev keyboard catchall"
[    14.689] (**) AT Translated Set 2 keyboard: Applying InputClass "libinput keyboard catchall"
[    14.689] (**) AT Translated Set 2 keyboard: Applying InputClass "system-keyboard"
[    14.689] (II) Using input driver 'libinput' for 'AT Translated Set 2 keyboard'
[    14.690] (II) systemd-logind: got fd for /dev/input/event3 13:67 fd 42 paused 0
[    14.690] (**) AT Translated Set 2 keyboard: always reports core events
[    14.690] (**) Option "Device" "/dev/input/event3"
[    14.690] (II) event3  - AT Translated Set 2 keyboard: is tagged by udev as: Keyboard
[    14.690] (II) event3  - AT Translated Set 2 keyboard: device is a keyboard
[    14.691] (II) event3  - AT Translated Set 2 keyboard: device removed
[    14.691] (**) Option "config_info" "udev:/sys/devices/platform/i8042/serio0/input/input3/event3"
[    14.691] (II) XINPUT: Adding extended input device "AT Translated Set 2 keyboard" (type: KEYBOARD, id 19)
[    14.691] (**) Option "xkb_layout" "us"
[    14.692] (II) event3  - AT Translated Set 2 keyboard: is tagged by udev as: Keyboard
[    14.692] (II) event3  - AT Translated Set 2 keyboard: device is a keyboard
[    14.693] (II) config/udev: Adding input device PC Speaker (/dev/input/event13)
[    14.693] (II) No input driver specified, ignoring this device.
[    14.693] (II) This device may have been added with another device file.
[    14.697] (**) YICHIP Wireless Device Consumer Control: Applying InputClass "evdev keyboard catchall"
[    14.697] (**) YICHIP Wireless Device Consumer Control: Applying InputClass "libinput keyboard catchall"
[    14.697] (**) YICHIP Wireless Device Consumer Control: Applying InputClass "system-keyboard"
[    14.697] (II) Using input driver 'libinput' for 'YICHIP Wireless Device Consumer Control'
[    14.697] (II) systemd-logind: returning pre-existing fd for /dev/input/event6 13:70
[    14.697] (**) YICHIP Wireless Device Consumer Control: always reports core events
[    14.697] (**) Option "Device" "/dev/input/event6"
[    14.697] (II) libinput: YICHIP Wireless Device Consumer Control: is a virtual subdevice
[    14.697] (**) Option "config_info" "udev:/sys/devices/pci0000:00/0000:00:08.1/0000:06:00.4/usb5/5-1/5-1.2/5-1.2:1.1/0003:3151:1002.0002/input/input6/event6"
[    14.697] (II) XINPUT: Adding extended input device "YICHIP Wireless Device Consumer Control" (type: KEYBOARD, id 20)
[    14.697] (**) Option "xkb_layout" "us"
[    14.697] (**) ITE Tech. Inc. ITE Device(8910) Keyboard: Applying InputClass "evdev keyboard catchall"
[    14.697] (**) ITE Tech. Inc. ITE Device(8910) Keyboard: Applying InputClass "libinput keyboard catchall"
[    14.697] (**) ITE Tech. Inc. ITE Device(8910) Keyboard: Applying InputClass "system-keyboard"
[    14.697] (II) Using input driver 'libinput' for 'ITE Tech. Inc. ITE Device(8910) Keyboard'
[    14.697] (II) systemd-logind: returning pre-existing fd for /dev/input/event7 13:71
[    14.697] (**) ITE Tech. Inc. ITE Device(8910) Keyboard: always reports core events
[    14.697] (**) Option "Device" "/dev/input/event7"
[    14.697] (II) libinput: ITE Tech. Inc. ITE Device(8910) Keyboard: is a virtual subdevice
[    14.697] (**) Option "config_info" "udev:/sys/devices/pci0000:00/0000:00:08.1/0000:06:00.4/usb5/5-4/5-4:1.0/0003:048D:C100.0003/input/input8/event7"
[    14.697] (II) XINPUT: Adding extended input device "ITE Tech. Inc. ITE Device(8910) Keyboard" (type: KEYBOARD, id 21)
[    14.697] (**) Option "xkb_layout" "us"
[    15.259] (II) modeset(0): EDID vendor "AUO", prod id 46989
[    15.259] (II) modeset(0): Printing DDC gathered Modelines:
[    15.259] (II) modeset(0): Modeline "1920x1080"x0.0  342.30  1920 2028 2076 2080  1080 1083 1088 1142 -hsync -vsync (164.6 kHz eP)
[    81.061] (II) modeset(0): EDID vendor "AUO", prod id 46989
[    81.061] (II) modeset(0): Printing DDC gathered Modelines:
[    81.061] (II) modeset(0): Modeline "1920x1080"x0.0  342.30  1920 2028 2076 2080  1080 1083 1088 1142 -hsync -vsync (164.6 kHz eP)
[  2103.000] (II) modeset(0): Disabling kernel dirty updates, not required.
